<?xml version="1.0" encoding="UTF-8"?>
<!-- Generated by org.testng.reporters.JUnitXMLReporter -->
<testsuite ignored="0" hostname="Sourabh" failures="0" tests="5" name="Authentication Scenarios" time="55.311" errors="0" timestamp="2026-05-18T11:50:19 IST">
  <testcase classname="com.herokuapp.tests.AuthenticationE2ETests" name="shouldConfirmSignupFlowIsNotAvailable" time="4.746"/>
  <testcase classname="com.herokuapp.tests.AuthenticationE2ETests" name="shouldLoginSuccessfullyWithValidCredentials" time="13.02"/>
  <testcase classname="com.herokuapp.tests.AuthenticationE2ETests" name="shouldLogoutAfterSuccessfulLogin" time="8.729"/>
  <testcase classname="com.herokuapp.tests.AuthenticationE2ETests" name="shouldRejectInvalidPassword" time="7.627"/>
  <testcase classname="com.herokuapp.tests.AuthenticationE2ETests" name="shouldRejectInvalidUsername" time="10.307"/>
</testsuite> <!-- Authentication Scenarios -->
