<?xml version="1.0" encoding="UTF-8"?>
<testng-results ignored="0" total="5" passed="5" failed="0" skipped="0">
  <reporter-output>
  </reporter-output>
  <suite started-at="2026-05-18T11:49:23 IST" name="Herokuapp Mini Project Suite" finished-at="2026-05-18T11:50:19 IST" duration-ms="55311">
    <groups>
    </groups>
    <test started-at="2026-05-18T11:49:23 IST" name="Authentication Scenarios" finished-at="2026-05-18T11:50:19 IST" duration-ms="55311">
      <class name="com.herokuapp.tests.AuthenticationE2ETests">
        <test-method is-config="true" signature="setUp()[pri:0, instance:com.herokuapp.tests.AuthenticationE2ETests@18ce0030]" started-at="2026-05-18T11:49:23 IST" name="setUp" finished-at="2026-05-18T11:49:25 IST" duration-ms="1749" status="PASS">
          <reporter-output>
          </reporter-output>
        </test-method> <!-- setUp -->
        <test-method signature="shouldConfirmSignupFlowIsNotAvailable()[pri:0, instance:com.herokuapp.tests.AuthenticationE2ETests@18ce0030]" started-at="2026-05-18T11:49:25 IST" name="shouldConfirmSignupFlowIsNotAvailable" description="Scenario 5: Signup is not available on The Internet app" finished-at="2026-05-18T11:49:30 IST" duration-ms="4746" status="PASS">
          <reporter-output>
          </reporter-output>
        </test-method> <!-- shouldConfirmSignupFlowIsNotAvailable -->
        <test-method is-config="true" signature="tearDown()[pri:0, instance:com.herokuapp.tests.AuthenticationE2ETests@18ce0030]" started-at="2026-05-18T11:49:30 IST" name="tearDown" finished-at="2026-05-18T11:49:30 IST" duration-ms="547" status="PASS">
          <reporter-output>
          </reporter-output>
        </test-method> <!-- tearDown -->
        <test-method is-config="true" signature="setUp()[pri:0, instance:com.herokuapp.tests.AuthenticationE2ETests@18ce0030]" started-at="2026-05-18T11:49:30 IST" name="setUp" finished-at="2026-05-18T11:49:32 IST" duration-ms="1526" status="PASS">
          <reporter-output>
          </reporter-output>
        </test-method> <!-- setUp -->
        <test-method signature="shouldLoginSuccessfullyWithValidCredentials()[pri:0, instance:com.herokuapp.tests.AuthenticationE2ETests@18ce0030]" started-at="2026-05-18T11:49:32 IST" name="shouldLoginSuccessfullyWithValidCredentials" description="Scenario 1: User can login with valid credentials" finished-at="2026-05-18T11:49:45 IST" duration-ms="13020" status="PASS">
          <reporter-output>
          </reporter-output>
        </test-method> <!-- shouldLoginSuccessfullyWithValidCredentials -->
        <test-method is-config="true" signature="tearDown()[pri:0, instance:com.herokuapp.tests.AuthenticationE2ETests@18ce0030]" started-at="2026-05-18T11:49:45 IST" name="tearDown" finished-at="2026-05-18T11:49:47 IST" duration-ms="1870" status="PASS">
          <reporter-output>
          </reporter-output>
        </test-method> <!-- tearDown -->
        <test-method is-config="true" signature="setUp()[pri:0, instance:com.herokuapp.tests.AuthenticationE2ETests@18ce0030]" started-at="2026-05-18T11:49:47 IST" name="setUp" finished-at="2026-05-18T11:49:48 IST" duration-ms="1063" status="PASS">
          <reporter-output>
          </reporter-output>
        </test-method> <!-- setUp -->
        <test-method signature="shouldLogoutAfterSuccessfulLogin()[pri:0, instance:com.herokuapp.tests.AuthenticationE2ETests@18ce0030]" started-at="2026-05-18T11:49:48 IST" name="shouldLogoutAfterSuccessfulLogin" description="Scenario 2: User can logout after successful login" finished-at="2026-05-18T11:49:56 IST" duration-ms="8729" status="PASS">
          <reporter-output>
          </reporter-output>
        </test-method> <!-- shouldLogoutAfterSuccessfulLogin -->
        <test-method is-config="true" signature="tearDown()[pri:0, instance:com.herokuapp.tests.AuthenticationE2ETests@18ce0030]" started-at="2026-05-18T11:49:57 IST" name="tearDown" finished-at="2026-05-18T11:49:57 IST" duration-ms="687" status="PASS">
          <reporter-output>
          </reporter-output>
        </test-method> <!-- tearDown -->
        <test-method is-config="true" signature="setUp()[pri:0, instance:com.herokuapp.tests.AuthenticationE2ETests@18ce0030]" started-at="2026-05-18T11:49:57 IST" name="setUp" finished-at="2026-05-18T11:49:58 IST" duration-ms="1235" status="PASS">
          <reporter-output>
          </reporter-output>
        </test-method> <!-- setUp -->
        <test-method signature="shouldRejectInvalidPassword()[pri:0, instance:com.herokuapp.tests.AuthenticationE2ETests@18ce0030]" started-at="2026-05-18T11:49:58 IST" name="shouldRejectInvalidPassword" description="Scenario 4: Invalid password shows an error" finished-at="2026-05-18T11:50:06 IST" duration-ms="7627" status="PASS">
          <reporter-output>
          </reporter-output>
        </test-method> <!-- shouldRejectInvalidPassword -->
        <test-method is-config="true" signature="tearDown()[pri:0, instance:com.herokuapp.tests.AuthenticationE2ETests@18ce0030]" started-at="2026-05-18T11:50:06 IST" name="tearDown" finished-at="2026-05-18T11:50:07 IST" duration-ms="629" status="PASS">
          <reporter-output>
          </reporter-output>
        </test-method> <!-- tearDown -->
        <test-method is-config="true" signature="setUp()[pri:0, instance:com.herokuapp.tests.AuthenticationE2ETests@18ce0030]" started-at="2026-05-18T11:50:07 IST" name="setUp" finished-at="2026-05-18T11:50:08 IST" duration-ms="957" status="PASS">
          <reporter-output>
          </reporter-output>
        </test-method> <!-- setUp -->
        <test-method signature="shouldRejectInvalidUsername()[pri:0, instance:com.herokuapp.tests.AuthenticationE2ETests@18ce0030]" started-at="2026-05-18T11:50:08 IST" name="shouldRejectInvalidUsername" description="Scenario 3: Invalid username shows an error" finished-at="2026-05-18T11:50:18 IST" duration-ms="10307" status="PASS">
          <reporter-output>
          </reporter-output>
        </test-method> <!-- shouldRejectInvalidUsername -->
        <test-method is-config="true" signature="tearDown()[pri:0, instance:com.herokuapp.tests.AuthenticationE2ETests@18ce0030]" started-at="2026-05-18T11:50:18 IST" name="tearDown" finished-at="2026-05-18T11:50:19 IST" duration-ms="579" status="PASS">
          <reporter-output>
          </reporter-output>
        </test-method> <!-- tearDown -->
      </class> <!-- com.herokuapp.tests.AuthenticationE2ETests -->
    </test> <!-- Authentication Scenarios -->
  </suite> <!-- Herokuapp Mini Project Suite -->
</testng-results>
