<?xml version="1.0" encoding="UTF-8"?>
<!-- Generated by org.testng.reporters.JUnitReportReporter -->
<testsuite hostname="Sourabh" failures="0" tests="5" name="com.herokuapp.tests.AuthenticationE2ETests" time="55.271" errors="0" timestamp="2026-05-18T11:50:19 IST" skipped="0">
  <testcase classname="com.herokuapp.tests.AuthenticationE2ETests" name="shouldRejectInvalidUsername" time="12.171"/>
  <testcase classname="com.herokuapp.tests.AuthenticationE2ETests" name="shouldLoginSuccessfullyWithValidCredentials" time="15.316"/>
  <testcase classname="com.herokuapp.tests.AuthenticationE2ETests" name="shouldRejectInvalidPassword" time="9.163"/>
  <testcase classname="com.herokuapp.tests.AuthenticationE2ETests" name="shouldLogoutAfterSuccessfulLogin" time="12.125"/>
  <testcase classname="com.herokuapp.tests.AuthenticationE2ETests" name="shouldConfirmSignupFlowIsNotAvailable" time="6.496"/>
</testsuite> <!-- com.herokuapp.tests.AuthenticationE2ETests -->
